TN:
SF:src\assets\logo.png
FNF:0
FNH:0
DA:1,1
LF:1
LH:1
BRF:0
BRH:0
end_of_record
TN:
SF:src\components\Button\index.tsx
FN:10,(anonymous_0)
FNF:1
FNH:1
FNDA:1,(anonymous_0)
DA:10,1
DA:11,1
LF:2
LH:2
BRF:0
BRH:0
end_of_record
TN:
SF:src\components\Button\styles.ts
FNF:0
FNH:0
DA:4,1
DA:15,1
LF:2
LH:2
BRF:0
BRH:0
end_of_record
TN:
SF:src\components\Input\index.tsx
FN:23,(anonymous_0)
FN:38,(anonymous_1)
FN:42,(anonymous_2)
FN:48,(anonymous_3)
FN:49,(anonymous_4)
FN:54,(anonymous_5)
FN:59,(anonymous_6)
FN:63,(anonymous_7)
FN:79,(anonymous_8)
FNF:9
FNH:3
FNDA:2,(anonymous_0)
FNDA:0,(anonymous_1)
FNDA:0,(anonymous_2)
FNDA:1,(anonymous_3)
FNDA:0,(anonymous_4)
FNDA:2,(anonymous_5)
FNDA:0,(anonymous_6)
FNDA:0,(anonymous_7)
FNDA:0,(anonymous_8)
DA:23,1
DA:29,2
DA:32,2
DA:33,2
DA:35,2
DA:36,2
DA:38,2
DA:39,0
DA:42,2
DA:43,0
DA:45,0
DA:48,2
DA:50,0
DA:54,2
DA:55,2
DA:60,0
DA:61,0
DA:64,0
DA:65,0
DA:70,2
DA:79,0
LF:21
LH:12
BRDA:25,0,0,2
BRDA:31,1,0,2
BRDA:72,2,0,0
BRDA:72,2,1,2
BRDA:72,3,0,2
BRDA:72,3,1,2
BRF:6
BRH:5
end_of_record
TN:
SF:src\components\Input\styles.ts
FN:22,(anonymous_0)
FN:26,(anonymous_1)
FNF:2
FNH:2
FNDA:2,(anonymous_0)
FNDA:2,(anonymous_1)
DA:9,1
DA:22,2
DA:26,2
DA:31,1
DA:38,1
LF:5
LH:5
BRDA:22,0,0,2
BRDA:22,0,1,0
BRDA:26,1,0,2
BRDA:26,1,1,0
BRF:4
BRH:2
end_of_record
TN:
SF:src\hooks\auth.tsx
FN:35,(anonymous_0)
FN:39,(anonymous_1)
FN:40,loadStoragedData
FN:57,(anonymous_3)
FN:75,(anonymous_4)
FN:84,(anonymous_5)
FN:103,useAuth
FNF:7
FNH:1
FNDA:0,(anonymous_0)
FNDA:0,(anonymous_1)
FNDA:0,loadStoragedData
FNDA:0,(anonymous_3)
FNDA:0,(anonymous_4)
FNDA:0,(anonymous_5)
FNDA:1,useAuth
DA:33,1
DA:35,1
DA:36,0
DA:37,0
DA:39,0
DA:41,0
DA:46,0
DA:47,0
DA:48,0
DA:51,0
DA:54,0
DA:57,0
DA:58,0
DA:63,0
DA:65,0
DA:70,0
DA:72,0
DA:75,0
DA:76,0
DA:81,0
DA:84,0
DA:85,0
DA:90,0
DA:93,0
DA:104,1
DA:106,1
DA:107,0
DA:110,1
LF:28
LH:5
BRDA:46,0,0,0
BRDA:46,0,1,0
BRDA:46,1,0,0
BRDA:46,1,1,0
BRDA:106,2,0,0
BRDA:106,2,1,1
BRF:6
BRH:1
end_of_record
TN:
SF:src\pages\SignIn\index.tsx
FN:30,(anonymous_0)
FN:37,(anonymous_1)
FN:97,(anonymous_2)
FN:109,(anonymous_3)
FN:112,(anonymous_4)
FN:115,(anonymous_5)
FN:124,(anonymous_6)
FNF:7
FNH:1
FNDA:1,(anonymous_0)
FNDA:0,(anonymous_1)
FNDA:0,(anonymous_2)
FNDA:0,(anonymous_3)
FNDA:0,(anonymous_4)
FNDA:0,(anonymous_5)
FNDA:0,(anonymous_6)
DA:30,1
DA:31,1
DA:32,1
DA:33,1
DA:35,1
DA:37,1
DA:38,0
DA:39,0
DA:41,0
DA:46,0
DA:50,0
DA:55,0
DA:56,0
DA:58,0
DA:60,0
DA:63,0
DA:70,1
DA:98,0
DA:109,0
DA:112,0
DA:115,0
DA:124,0
LF:22
LH:7
BRDA:55,0,0,0
BRDA:55,0,1,0
BRDA:74,1,0,1
BRDA:74,1,1,0
BRF:4
BRH:1
end_of_record
TN:
SF:src\pages\SignIn\styles.ts
FNF:0
FNH:0
DA:4,1
DA:11,1
DA:18,1
DA:22,1
DA:28,1
DA:43,1
LF:6
LH:6
BRDA:8,0,0,1
BRDA:8,0,1,0
BRF:2
BRH:1
end_of_record
TN:
SF:src\services\api.ts
FNF:0
FNH:0
DA:3,1
LF:1
LH:1
BRF:0
BRH:0
end_of_record
TN:
SF:src\utils\getValidationErrors.ts
FN:7,getValidationErrors
FN:10,(anonymous_1)
FNF:2
FNH:0
FNDA:0,getValidationErrors
FNDA:0,(anonymous_1)
DA:8,0
DA:10,0
DA:11,0
DA:14,0
LF:4
LH:0
BRF:0
BRH:0
end_of_record
